[2026-05-26 12:05:10] [INFO] === 开始数据清洗任务（超低频、纯单线程防墙版） ===
[2026-05-26 12:05:10] [INFO] 总计加载原始数据: 174 条
[2026-05-26 12:05:10] [INFO] 清洗进行时，请让脚本在后台保持运行...
[2026-05-26 12:05:10] [INFO] 追踪日志: cleaning_log_20260526_120510.log
--------------------------------------------------
[2026-05-26 12:05:12] [INFO] 【保留核心】 ID: 2025-18058 | 标题: Accelerating Speed to Power/Wi... | 原因: The document is a Request for Information (RFI) from the Department of Energy specifically aimed at addressing the electricity demand growth driven by AI and data centers. It directly links grid infrastructure expansion to the support of AI development, which constitutes a critical enabling factor for the AI industry, fitting the criteria for协同基建与深度应用.
[2026-05-26 12:05:12] [INFO] -> 实时进度提示: 已完成评估 1/174
[2026-05-26 12:05:24] [INFO] 【保留核心】 ID: 2025-17651 | 标题: Digital Health Advisory Commit... | 原因: 该文件是FDA针对生成式AI赋能的数字心理健康医疗设备召开的咨询委员会会议通知。虽然形式上是会议通知，但其核心议题是探讨生成式AI在医疗器械中的监管路径、风险评估及政策演进，属于特定领域（医疗）针对AI应用制定的核心监管前瞻性政策，对AI医疗器械的合规与准入具有实质性影响。
[2026-05-26 12:05:24] [INFO] -> 实时进度提示: 已完成评估 2/174
[2026-05-26 12:05:43] [INFO] 【保留核心】 ID: 2025-14218 | 标题: Promoting the Export of the Am... | 原因: This is a presidential executive order that establishes a national-level program (American AI Exports Program) to promote the global export of US AI technology stacks. It directly addresses national strategy, technological dominance, and the coordination of federal agencies (Commerce, State, OSTP) to support the AI industry, fitting the criteria for a national core policy.
[2026-05-26 12:05:43] [INFO] -> 实时进度提示: 已完成评估 3/174
[2026-05-26 12:05:55] [ERROR] 【API内部错误】ID: 2025-14217 | 错误码: 503 | 信息: 503 UNAVAILABLE. {'error': {'code': 503, 'message': 'This model is currently experiencing high demand. Spikes in demand are usually temporary. Please try again later.', 'status': 'UNAVAILABLE'}}
[2026-05-26 12:05:55] [INFO] -> 实时进度提示: 已完成评估 4/174
[2026-05-26 12:06:14] [INFO] 【保留核心】 ID: 2025-13650 | 标题: Proposed Priority and Definiti... | 原因: 该文件是美国教育部发布的关于在教育领域推进人工智能的优先事项和定义，属于特定行业（教育）针对人工智能应用制定的核心战略和政策框架，旨在指导未来的教育类专项拨款和项目竞争，具有实质性的政策引导作用。
[2026-05-26 12:06:14] [INFO] -> 实时进度提示: 已完成评估 5/174
[2026-05-26 12:06:24] [INFO] 【剔除噪声】 ID: 2025-07617 | 标题: Workado, LLC, f/k/a Content at... | 原因: 该文件是美国联邦贸易委员会（FTC）针对特定公司（Workado, LLC）关于AI检测产品虚假宣传的个案行政处罚及和解协议。虽然涉及AI技术产品，但属于针对单一企业的反欺诈执法行为，而非针对AI技术研发、行业监管或国家战略的通用性政策，因此判定为边缘相关且属于噪音。
[2026-05-26 12:06:24] [INFO] -> 实时进度提示: 已完成评估 6/174
[2026-05-26 12:06:40] [INFO] 【保留核心】 ID: 2025-07332 | 标题: Request for Information on the... | 原因: 该文件是美国国家科学基金会（NSF）发布的关于制定2025年国家人工智能研发战略计划的征求意见稿（RFI）。该计划直接决定了美国未来3至5年人工智能研发的顶层设计、国家战略方向及政府在AI领域的角色，属于国家核心政策范畴。
[2026-05-26 12:06:40] [INFO] -> 实时进度提示: 已完成评估 7/174
[2026-05-26 12:06:57] [INFO] 【保留核心】 ID: 2025-07368 | 标题: Advancing Artificial Intellige... | 原因: 该文件为美国总统行政令，专门针对人工智能教育战略，旨在通过建立人工智能教育工作组、推动AI素养普及、教师培训及课程整合，培养AI人才梯队。这属于国家层面对特定领域（教育）AI应用与人才孵化的核心战略部署，具有极高的政策实质性。
[2026-05-26 12:06:57] [INFO] -> 实时进度提示: 已完成评估 8/174
[2026-05-26 12:07:07] [INFO] 【保留核心】 ID: 2025-05936 | 标题: Request for Information on Art... | 原因: 该文件是美国能源部（DOE）针对人工智能基础设施（特别是数据中心）的征求意见稿（RFI）。虽然它不是直接的AI算法监管，但它直接涉及AI发展的关键物理基建（能源与土地资源），旨在通过政策手段解决AI算力扩张带来的基础设施瓶颈，属于对AI产业具有实质性强关联的基建保障政策。
[2026-05-26 12:07:07] [INFO] -> 实时进度提示: 已完成评估 9/174
[2026-05-26 12:07:25] [INFO] 【保留核心】 ID: 2025-02305 | 标题: Request for Information on the... | 原因: 该文件是美国国家科学基金会（NSF）代表白宫科技政策办公室（OSTP）发布的关于制定“人工智能行动计划”的征求意见稿（RFI）。该计划直接响应总统行政令，旨在定义维持美国AI主导地位的优先政策行动，属于国家核心AI战略制定过程中的关键环节，直接影响AI研发、监管及产业创新方向。
[2026-05-26 12:07:25] [INFO] -> 实时进度提示: 已完成评估 10/174
[2026-05-26 12:07:42] [INFO] 【保留核心】 ID: 2025-02172 | 标题: Removing Barriers to American ... | 原因: 该文件为美国总统行政令，直接针对人工智能的国家战略、政策导向及监管框架进行调整（包括撤销旧政策并要求制定新的AI行动计划），属于国家核心AI政策，对美国AI产业发展具有决定性影响。
[2026-05-26 12:07:42] [INFO] -> 实时进度提示: 已完成评估 11/174
[2026-05-26 12:07:54] [INFO] 【保留核心】 ID: 2025-01395 | 标题: Advancing United States Leader... | 原因: This document is a formal Executive Order (EO 14141) that establishes a national-level strategic framework for AI infrastructure. It directly addresses core AI policy concerns, including national security, domestic computing capacity, energy infrastructure for AI, and supply chain security for frontier AI development. It is a foundational policy document that dictates the trajectory of US AI leadership.
[2026-05-26 12:07:54] [INFO] -> 实时进度提示: 已完成评估 12/174
[2026-05-26 12:08:06] [INFO] 【保留核心】 ID: 2025-00637 | 标题: Public Briefing on Framework f... | 原因: 该文件虽然形式上是一份关于公开简报会的通知，但其核心内容是针对美国商务部工业与安全局（BIS）发布的《人工智能扩散框架》（Framework for Artificial Intelligence Diffusion）这一重大监管规则的宣贯。该规则直接涉及对先进计算集成电路的出口管制以及对先进闭源双用途AI模型权重的管控，属于国家核心AI技术出口控制与安全监管政策，具有极高的政策重要性。
[2026-05-26 12:08:06] [INFO] -> 实时进度提示: 已完成评估 13/174
[2026-05-26 12:08:25] [INFO] 【保留核心】 ID: 2025-00636 | 标题: Framework for Artificial Intel... | 原因: 该文件是美国商务部工业与安全局（BIS）发布的关于出口管理条例（EAR）的临时最终规则，直接针对先进计算集成电路和人工智能模型权重（AI model weights）实施出口管制。这属于国家核心政策范畴，直接影响AI核心技术的全球流动与安全监管，具有极高的政策实质性。
[2026-05-26 12:08:25] [INFO] -> 实时进度提示: 已完成评估 14/174
[2026-05-26 12:08:39] [INFO] 【保留核心】 ID: 2024-31543 | 标题: Artificial Intelligence-Enable... | 原因: 该文件是FDA发布的关于人工智能赋能医疗设备软件功能的生命周期管理与市场准入建议的草案指南。它直接针对医疗这一特定领域，为AI医疗设备的安全性、有效性评估及全生命周期管理提供了核心监管规范，属于重要行业监管政策。
[2026-05-26 12:08:39] [INFO] -> 实时进度提示: 已完成评估 15/174
[2026-05-26 12:08:49] [INFO] 【保留核心】 ID: 2024-31542 | 标题: Considerations for the Use of ... | 原因: 该文件是FDA发布的关于在药物和生物制品监管决策中使用人工智能的行业指南草案。它直接针对医疗健康这一特定高风险领域，为AI技术的应用制定了核心监管规范和评估框架，属于对AI行业应用具有实质性指导意义的重要监管政策。
[2026-05-26 12:08:49] [INFO] -> 实时进度提示: 已完成评估 16/174
[2026-05-26 12:08:59] [INFO] 【剔除噪声】 ID: 2024-30263 | 标题: National Artificial Intelligen... | 原因: 该文件仅为国家人工智能咨询委员会（NAIAC）的会议召开通知，属于行政程序性公告，不涉及具体的AI政策制定、监管规范或战略部署，因此判定为边缘相关且属于噪音。
[2026-05-26 12:08:59] [INFO] -> 实时进度提示: 已完成评估 17/174
[2026-05-26 12:09:20] [INFO] 【保留核心】 ID: 2024-28361 | 标题: Marketing Submission Recommend... | 原因: 该文件是FDA发布的关于人工智能赋能医疗设备软件功能的预定变更控制计划（PCCP）的最终指导意见。它直接针对医疗领域AI应用的监管框架，为AI医疗设备的上市审批和后续迭代提供了明确的合规路径和技术规范，属于特定行业针对AI应用制定的核心监管政策。
[2026-05-26 12:09:20] [INFO] -> 实时进度提示: 已完成评估 18/174
[2026-05-26 12:09:31] [INFO] 【剔除噪声】 ID: 2024-27461 | 标题: National Artificial Intelligen... | 原因: 该文件仅为国家人工智能咨询委员会（NAIAC）的会议召开通知，属于行政事务性公告，不涉及具体的AI政策制定、监管规范或实质性的技术引导，因此判定为噪音。
[2026-05-26 12:09:31] [INFO] -> 实时进度提示: 已完成评估 19/174
[2026-05-26 12:09:41] [INFO] 【保留核心】 ID: 2024-26099 | 标题: Consumer Financial Protection ... | 原因: 该文件是消费者金融保护局（CFPB）发布的监管通告，明确针对雇佣决策中算法评分和人工智能模型的使用，并强调其必须遵守《公平信用报告法》（FCRA）。这属于特定领域（就业与金融数据）针对AI应用制定的核心监管规范，对AI在人力资源管理中的合规性具有实质性约束力。
[2026-05-26 12:09:41] [INFO] -> 实时进度提示: 已完成评估 20/174
[2026-05-26 12:09:51] [INFO] 【剔除噪声】 ID: 2024-25571 | 标题: National Artificial Intelligen... | 原因: 该文件属于国家人工智能咨询委员会（NAIAC）的会议通知，主要内容是关于会议的时间、形式及议程安排。虽然涉及AI硬件和能源等议题，但其本质是行政性的会议公告，而非具体的政策法规、监管标准或战略规划，属于日常行政事务通知。
[2026-05-26 12:09:51] [INFO] -> 实时进度提示: 已完成评估 21/174
[2026-05-26 12:10:01] [INFO] 【保留核心】 ID: 2024-25140 | 标题: Meeting on the Artificial Inte... | 原因: 该文件涉及美国卫生与公众服务部（HHS）根据行政命令建立‘医疗保健人工智能安全计划’的实施过程。虽然该文件本身是一份会议通知，但其核心议题是针对医疗领域AI应用的安全监管与治理框架的制定，属于特定行业（医疗）针对AI应用制定的核心规范与战略实施，具有实质性的政策影响。
[2026-05-26 12:10:01] [INFO] -> 实时进度提示: 已完成评估 22/174
[2026-05-26 12:10:13] [INFO] 【剔除噪声】 ID: 2024-25162 | 标题: Government Owned Inventions Av... | 原因: 该文件属于NIH发布的关于特定医疗技术（葡萄膜炎诊断AI算法）的专利许可与合作机会公告。这属于政府科研成果转化的日常行政通知，而非针对AI技术监管、行业标准制定或国家级AI战略的政策文件，因此判定为噪音。
[2026-05-26 12:10:13] [INFO] -> 实时进度提示: 已完成评估 23/174
[2026-05-26 12:10:36] [INFO] 【保留核心】 ID: 2024-22974 | 标题: Safety Considerations for Chem... | 原因: 该文件由美国人工智能安全研究所（AISI）发布，直接针对化学和生物领域AI模型的安全评估、风险缓解及负责任开发进行信息征集（RFI）。这属于国家核心AI安全治理范畴，旨在为后续制定AI技术安全监管标准提供依据，具有极高的政策相关性。
[2026-05-26 12:10:36] [INFO] -> 实时进度提示: 已完成评估 24/174
[2026-05-26 12:10:45] [INFO] 【保留核心】 ID: 2024-22664 | 标题: Artificial Intelligence-Powere... | 原因: 该文件属于美国商务部CHIPS研发办公室发布的专项拨款意向通知，旨在投入1亿美元支持人工智能驱动的自主实验（AI/AE）在半导体材料研发中的应用。这属于特定高科技领域（半导体）针对AI技术研发的专项拨款与战略引导，对AI在工业制造中的深度应用具有实质性推动作用。
[2026-05-26 12:10:45] [INFO] -> 实时进度提示: 已完成评估 25/174
[2026-05-26 12:10:55] [INFO] 【剔除噪声】 ID: 2024-21979 | 标题: Artificial Intelligence in Cam... | 原因: 该文件是联邦选举委员会关于拒绝启动针对AI竞选广告规则制定的通知。虽然涉及AI在政治广告中的应用，但其核心内容是关于现有法规解释的行政决定，且最终决定不采取新的监管行动，属于针对特定请愿的个案处理，对AI产业发展或通用治理框架无实质性政策影响。
[2026-05-26 12:10:55] [INFO] -> 实时进度提示: 已完成评估 26/174
[2026-05-26 12:11:08] [INFO] 【剔除噪声】 ID: 2024-21635 | 标题: National Artificial Intelligen... | 原因: 该文件仅为国家人工智能咨询委员会（NAIAC）的会议召开通知，属于行政事务性公告，不涉及具体的政策制定、监管规范或实质性的技术战略部署，因此判定为噪音。
[2026-05-26 12:11:08] [INFO] -> 实时进度提示: 已完成评估 27/174
[2026-05-26 12:11:33] [INFO] 【保留核心】 ID: 2024-21085 | 标题: 2024 Guidance Update on Patent... | 原因: 该文件涉及美国专利商标局（USPTO）关于人工智能专利适格性的审查指南更新，属于针对AI技术创新保护的核心监管政策范畴。虽然本文件本身是关于延长公众评论期的行政通知，但其核心议题直接关联到AI技术的知识产权保护框架，对AI产业的研发激励和法律合规具有重要影响，因此判定为非噪音且相关度较高。
[2026-05-26 12:11:33] [INFO] -> 实时进度提示: 已完成评估 28/174
[2026-05-26 12:11:51] [INFO] 【保留核心】 ID: 2024-21074 | 标题: Digital Health Advisory Commit... | 原因: 该文件是FDA针对生成式AI赋能医疗设备的全生命周期监管进行的专家咨询会议通知。FDA作为监管机构，专门针对AI在医疗这一高风险领域的应用进行政策研讨和公众征求意见，属于核心行业监管范畴，对AI医疗设备的合规标准制定具有直接且重要的指导意义。
[2026-05-26 12:11:51] [INFO] -> 实时进度提示: 已完成评估 29/174
[2026-05-26 12:12:13] [INFO] 【保留核心】 ID: 2024-20676 | 标题: Notice of Request for Informat... | 原因: 该文件是美国能源部（DOE）针对其FASST（科学、安全与技术人工智能前沿）倡议发布的征求意见稿（RFI）。该倡议旨在利用国家实验室资源构建国家级AI能力，直接涉及AI算力基础设施、国家AI战略部署及前沿技术研发，属于国家核心AI政策范畴。
[2026-05-26 12:12:13] [INFO] -> 实时进度提示: 已完成评估 30/174
[2026-05-26 12:12:24] [INFO] 【保留核心】 ID: 2024-20529 | 标题: Establishment of Reporting Req... | 原因: 该文件是美国商务部工业与安全局（BIS）发布的拟议规则，直接针对先进人工智能模型和计算集群的开发建立报告要求。这属于国家核心政策范畴，旨在落实关于AI安全、可靠开发与使用的行政命令，直接涉及AI核心技术监管与国家安全战略，具有极高的政策实质性。
[2026-05-26 12:12:24] [INFO] -> 实时进度提示: 已完成评估 31/174
[2026-05-26 12:12:35] [INFO] 【保留核心】 ID: 2024-19028 | 标题: Implications of Artificial Int... | 原因: 该文件是美国联邦通信委员会（FCC）针对AI在电信领域应用提出的监管规则。它不仅定义了AI生成呼叫，还制定了强制披露要求和消费者保护措施，同时兼顾了AI在辅助残障人士通信方面的积极应用。这属于特定行业（电信）针对AI应用制定的核心监管规范，具有实质性的政策影响。
[2026-05-26 12:12:35] [INFO] -> 实时进度提示: 已完成评估 32/174
[2026-05-26 12:12:46] [INFO] 【剔除噪声】 ID: 2024-19040 | 标题: AI-Enabled Medical Technologie... | 原因: 该文件属于政府部门举办的行业座谈会通知，旨在收集行业意见以促进出口竞争力，属于日常行政沟通与信息收集活动，而非针对AI技术的实质性监管政策、专项拨款或核心战略部署，因此判定为噪音。
[2026-05-26 12:12:46] [INFO] -> 实时进度提示: 已完成评估 33/174
[2026-05-26 12:12:56] [INFO] 【剔除噪声】 ID: 2024-19039 | 标题: AI in Biopharmaceuticals Indus... | 原因: 该文件属于政府部门举办的行业座谈会通知，旨在收集行业意见以制定竞争力策略。虽然涉及AI在生物制药领域的应用，但其性质属于日常行政沟通与咨询活动，而非针对AI技术的实质性监管政策、专项拨款或强制性技术标准，因此判定为边缘相关且属于噪音。
[2026-05-26 12:12:56] [INFO] -> 实时进度提示: 已完成评估 34/174
[2026-05-26 12:13:06] [INFO] 【剔除噪声】 ID: 2024-18596 | 标题: National Artificial Intelligen... | 原因: 该文件属于国家人工智能咨询委员会（NAIAC）的会议通知，仅涉及行政会议安排和议程通告，属于日常行政事务，不具备直接的政策制定、监管约束或产业引导效力，因此判定为噪音。
[2026-05-26 12:13:06] [INFO] -> 实时进度提示: 已完成评估 35/174
[2026-05-26 12:13:17] [INFO] 【保留核心】 ID: 2024-17614 | 标题: Request for Comments on the U.... | 原因: 该文件是美国人工智能安全研究所（AISI）针对通用大模型（Foundation Models）滥用风险管理发布的指导草案征求意见稿。该文件直接响应了关于AI安全、可靠开发与使用的行政命令，属于国家核心AI监管政策范畴，对AI技术安全与治理具有直接且重大的指导意义。
[2026-05-26 12:13:17] [INFO] -> 实时进度提示: 已完成评估 36/174
[2026-05-26 12:13:39] [INFO] 【保留核心】 ID: 2024-16977 | 标题: Disclosure and Transparency of... | 原因: 该文件是美国联邦通信委员会（FCC）针对政治广告中AI生成内容透明度提出的监管规则草案。它直接针对AI技术在特定敏感领域（政治传播）的应用制定了强制性的披露规范，属于对AI应用进行核心监管的政策，符合4分标准。
[2026-05-26 12:13:39] [INFO] -> 实时进度提示: 已完成评估 37/174
[2026-05-26 12:14:05] [INFO] 【保留核心】 ID: 2024-15377 | 标题: 2024 Guidance Update on Patent... | 原因: 该文件是美国专利商标局（USPTO）针对人工智能（AI）技术制定的专利审查指南更新。它直接响应了关于AI安全与发展的行政命令，为AI相关发明的专利适格性评估提供了明确的监管标准和操作指南，属于特定领域（知识产权与创新）针对AI应用制定的核心规范，对AI产业的研发保护具有实质性影响。
[2026-05-26 12:14:05] [INFO] -> 实时进度提示: 已完成评估 38/174
[2026-05-26 12:14:27] [INFO] 【剔除噪声】 ID: 2024-15528 | 标题: National Artificial Intelligen... | 原因: 该文件属于国家人工智能咨询委员会（NAIAC）的例行会议通知，旨在告知公众会议时间与议程。虽然涉及AI议题，但其性质属于行政事务性通知，而非针对AI技术、产业监管或战略部署的实质性政策文件，因此判定为噪音。
[2026-05-26 12:14:27] [INFO] -> 实时进度提示: 已完成评估 39/174
[2026-05-26 12:14:38] [INFO] 【保留核心】 ID: 2024-15125 | 标题: Workshop To Consider Artificia... | 原因: 该文件是FDA关于在药物和生物制品开发中应用人工智能的公开研讨会通知。虽然形式是研讨会，但其核心目的是讨论AI在医疗研发中的指导原则，属于监管机构针对特定高风险行业（医疗）制定AI应用规范的前置性政策行动，对AI在医疗领域的合规化发展具有重要引导意义。
[2026-05-26 12:14:38] [INFO] -> 实时进度提示: 已完成评估 40/174
[2026-05-26 12:14:48] [INFO] 【保留核心】 ID: 2024-14691 | 标题: Impact of the Proliferation of... | 原因: 该文件由美国专利商标局（USPTO）发布，旨在探讨人工智能对专利法中“现有技术”和“本领域普通技术人员（PHOSITA）”认定的影响。这属于针对AI技术在知识产权领域应用的核心监管与政策制定过程，直接影响AI创新成果的法律保护框架，符合重要行业监管与战略层面的政策定义。
[2026-05-26 12:14:48] [INFO] -> 实时进度提示: 已完成评估 41/174
[2026-05-26 12:14:57] [INFO] 【剔除噪声】 ID: 2024-14436 | 标题: Opportunities and Challenges o... | 原因: 该文件仅为交通部关于人工智能在交通领域应用征求意见的截止日期延长通知。属于行政流程中的日常事务性通知，而非针对AI技术的实质性监管政策、战略规划或行业规范，因此判定为噪音。
[2026-05-26 12:14:57] [INFO] -> 实时进度提示: 已完成评估 42/174
[2026-05-26 12:15:08] [INFO] 【剔除噪声】 ID: 2024-14430 | 标题: National Artificial Intelligen... | 原因: 该文件属于国家人工智能咨询委员会（NAIAC）的例行会议通知。虽然涉及AI治理的咨询机构，但其内容仅为会议时间、地点及议程安排的行政性公告，不包含具体的政策制定、监管规范或实质性的战略部署，属于日常行政事务通知。
[2026-05-26 12:15:08] [INFO] -> 实时进度提示: 已完成评估 43/174
[2026-05-26 12:15:18] [INFO] 【保留核心】 ID: 2024-13926 | 标题: Cooperative Research and Devel... | 原因: 该文件涉及美国海岸警卫队与私营企业关于无人机载荷、计算机视觉及机器学习技术的合作研发协议（CRADA）。虽然属于特定部门的研发合作，但该政策直接推动了AI技术在国防与海上安全领域的实际应用与部署，属于对AI技术深度应用有实质性推动的协同基建与应用类政策。
[2026-05-26 12:15:18] [INFO] -> 实时进度提示: 已完成评估 44/174
[2026-05-26 12:15:29] [INFO] 【剔除噪声】 ID: 2024-13783 | 标题: National Artificial Intelligen... | 原因: 该文件属于国家人工智能咨询委员会（NAIAC）的会议通知，主要内容是关于会议的时间安排和议程说明。虽然涉及AI领域，但属于行政性的日常会议通知，不包含具体的政策制定、监管规范或实质性的技术引导，因此判定为边缘相关且属于噪音。
[2026-05-26 12:15:29] [INFO] -> 实时进度提示: 已完成评估 45/174
[2026-05-26 12:15:51] [INFO] 【保留核心】 ID: 2024-12336 | 标题: Request for Information on Use... | 原因: 该文件是美国财政部针对金融服务领域人工智能应用、机遇与风险发起的正式信息征询（RFI）。作为监管机构针对特定关键行业（金融业）制定的AI治理前置调研，旨在为后续制定AI监管框架和风险管理政策提供依据，属于重要行业监管战略范畴。
[2026-05-26 12:15:51] [INFO] -> 实时进度提示: 已完成评估 46/174
[2026-05-26 12:16:01] [INFO] 【保留核心】 ID: 2024-12429 | 标题: Inventorship Guidance for AI-A... | 原因: 该文件涉及美国专利商标局（USPTO）针对人工智能辅助发明（AI-Assisted Inventions）的专利权归属指南。这属于知识产权领域针对AI技术应用的核心监管规范，直接影响AI研发成果的法律保护与产业激励机制，属于重要行业监管范畴。
[2026-05-26 12:16:01] [INFO] -> 实时进度提示: 已完成评估 47/174
[2026-05-26 12:16:12] [INFO] 【剔除噪声】 ID: 2024-11317 | 标题: Notice of a PCLOB Public Forum... | 原因: 该文件属于隐私与公民自由监督委员会（PCLOB）发布的关于举办AI在反恐领域应用研讨会的通知，旨在征集公众意见。虽然涉及AI在国家安全中的应用，但其本质是行政部门的咨询与座谈会通知，而非针对AI技术研发、行业监管或基建部署的实质性政策文件，属于边缘相关。
[2026-05-26 12:16:12] [INFO] -> 实时进度提示: 已完成评估 48/174
[2026-05-26 12:16:22] [INFO] 【保留核心】 ID: 2024-11195 | 标题: Defense Industrial Base Adopti... | 原因: 该文件是美国国防部针对国防工业基础（DIB）采用人工智能的专项政策咨询公告。它直接关联到国防领域AI应用的战略规划、资源分配以及“可信AI国防工业基础路线图”的制定，属于特定领域（国防）针对AI应用制定的核心规范与战略引导，符合4分标准。
[2026-05-26 12:16:22] [INFO] -> 实时进度提示: 已完成评估 49/174
[2026-05-26 12:16:45] [INFO] 【保留核心】 ID: 2024-09645 | 标题: Opportunities and Challenges o... | 原因: 该文件是美国交通部（DOT）为响应关于人工智能安全、可靠和可信开发与使用的第14110号行政命令而发布的征求意见稿（RFI）。它直接针对人工智能在交通运输领域的应用、挑战及治理框架进行调研，属于特定行业（交通）针对AI应用制定的核心战略规划前奏，具有实质性的政策引导意义。
[2026-05-26 12:16:45] [INFO] -> 实时进度提示: 已完成评估 50/174
[2026-05-26 12:16:55] [INFO] 【保留核心】 ID: 2024-08969 | 标题: Request for Comments Regarding... | 原因: 该文件是美国专利商标局（USPTO）针对人工智能对专利法（如现有技术认定、PHOSITA标准）影响的正式征求意见稿。这属于核心监管机构针对AI技术演进对知识产权法律框架带来的挑战进行的主动治理与政策制定过程，直接影响AI相关发明的专利保护路径，具有高度的政策实质性。
[2026-05-26 12:16:55] [INFO] -> 实时进度提示: 已完成评估 51/174
[2026-05-26 12:17:19] [INFO] 【保留核心】 ID: 2024-09132 | 标题: Establishment of the Artificia... | 原因: 该文件直接响应美国总统关于AI安全与可信发展的行政令（E.O. 14110），正式成立国土安全部人工智能安全与保障委员会。该委员会旨在为国家关键基础设施的AI应用提供安全指南、风险评估和防御策略，属于国家核心AI治理与安全监管层面的政策行动。
[2026-05-26 12:17:19] [INFO] -> 实时进度提示: 已完成评估 52/174
[2026-05-26 12:17:30] [INFO] 【保留核心】 ID: 2024-08818 | 标题: Request for Input From the Pub... | 原因: 该文件是美国司法部下属国家司法研究所（NIJ）针对行政命令14110中关于AI在刑事司法系统中应用的相关规定进行的公开征求意见。这属于特定领域（刑事司法）针对AI应用制定的核心监管与政策研究的前置环节，直接服务于国家级AI治理框架的落地，具有实质性的政策影响。
[2026-05-26 12:17:30] [INFO] -> 实时进度提示: 已完成评估 53/174
[2026-05-26 12:17:39] [INFO] 【剔除噪声】 ID: 2024-07924 | 标题: National Artificial Intelligen... | 原因: 该文件属于国家人工智能咨询委员会（NAIAC）的会议通知，仅涉及行政会议的召开时间、地点及议程安排，属于日常行政事务通知，不包含具体的政策制定、监管规范或实质性的技术指导，因此判定为边缘相关且属于噪音。
[2026-05-26 12:17:39] [INFO] -> 实时进度提示: 已完成评估 54/174
[2026-05-26 12:18:03] [INFO] 【剔除噪声】 ID: 2024-07864 | 标题: Request for Information Regard... | 原因: 该文件仅为关于‘全球人工智能研究议程’征求意见稿的延期通知，属于行政流程的日常公告，不涉及具体的AI政策制定、监管规范或实质性的技术战略部署，因此判定为噪音。
[2026-05-26 12:18:03] [INFO] -> 实时进度提示: 已完成评估 55/174
[2026-05-26 12:18:24] [INFO] 【保留核心】 ID: 2024-07629 | 标题: Guidance on Use of Artificial ... | 原因: This document is a formal guidance issued by the USPTO specifically addressing the use of AI tools in patent and trademark practice. It establishes regulatory expectations, identifies risks, and provides mitigation strategies for AI integration in legal filings, which constitutes a significant sector-specific regulatory framework for AI application.
[2026-05-26 12:18:24] [INFO] -> 实时进度提示: 已完成评估 56/174
[2026-05-26 12:18:34] [INFO] 【保留核心】 ID: 2024-06547 | 标题: Request for Information: Respo... | 原因: 该文件是美国管理和预算办公室（OMB）针对政府人工智能采购发布的征求意见稿，直接响应了行政命令14110号关于AI安全、可靠开发与使用的要求，并与政府AI治理备忘录直接挂钩，属于国家核心AI治理与政府采购规范政策，具有极高的政策相关性。
[2026-05-26 12:18:34] [INFO] -> 实时进度提示: 已完成评估 57/174
[2026-05-26 12:18:44] [INFO] 【剔除噪声】 ID: 2024-06173 | 标题: National Artificial Intelligen... | 原因: 该文件仅为国家人工智能咨询委员会（NAIAC）的会议召开通知，属于行政程序性事务，不涉及具体的AI政策制定、监管规范或实质性的产业引导，因此判定为噪音。
[2026-05-26 12:18:44] [INFO] -> 实时进度提示: 已完成评估 58/174
[2026-05-26 12:18:54] [INFO] 【剔除噪声】 ID: 2024-06168 | 标题: National Artificial Intelligen... | 原因: 该文件仅为美国国家人工智能咨询委员会（NAIAC）下属执法小组委员会的会议通知。虽然涉及AI治理议题，但该文件本身仅属于行政性的会议安排通知，不包含具体的政策法规、监管标准或实质性的战略部署，因此判定为边缘相关的日常通知，属于噪音。
[2026-05-26 12:18:54] [INFO] -> 实时进度提示: 已完成评估 59/174
[2026-05-26 12:19:07] [INFO] 【保留核心】 ID: 2024-05357 | 标题: Global AI Research Agenda... | 原因: 该文件是美国政府为落实第14110号行政令（关于安全、可靠和可信的人工智能开发与使用）而发布的全球AI研究议程征求意见稿。它直接涉及国家级AI战略的制定与国际合作框架，属于核心政策层面的执行与规划，对全球AI治理和研发方向具有重要指导意义。
[2026-05-26 12:19:07] [INFO] -> 实时进度提示: 已完成评估 60/174
[2026-05-26 12:19:17] [INFO] 【保留核心】 ID: 2024-05228 | 标题: Manufacturing USA Institute Co... | 原因: 该文件是美国商务部NIST发布的关于建立‘人工智能赋能制造业韧性’（AI for Resilient Manufacturing）制造创新研究所的意向通知。该政策直接针对人工智能在关键工业领域的应用研发与战略部署，属于特定领域针对AI应用制定的核心专项拨款与人才孵化计划，具有实质性的政策引导作用。
[2026-05-26 12:19:17] [INFO] -> 实时进度提示: 已完成评估 61/174
[2026-05-26 12:19:43] [INFO] 【剔除噪声】 ID: 2024-04971 | 标题: USPTO AI/ET Partnership: Publi... | 原因: 该文件属于美国专利商标局（USPTO）关于举办人工智能与知识产权研讨会的公开会议通知。虽然其目的是为了响应关于AI的行政命令，但文件本身仅是行政性的会议安排通知，不涉及具体的AI监管政策制定、技术标准发布或实质性的行业治理措施，属于日常行政事务。
[2026-05-26 12:19:43] [INFO] -> 实时进度提示: 已完成评估 62/174
[2026-05-26 12:20:06] [INFO] 【保留核心】 ID: 2024-04367 | 标题: Notice of Request for Informat... | 原因: 该文件直接响应美国总统关于人工智能安全、可靠和可信发展的行政命令，要求能源部（DOE）针对AI在电网基础设施规划、运营及能源安全中的应用进行评估并发布报告。这属于国家核心AI战略的执行层面，直接涉及AI在关键基础设施中的治理与应用规范，具有极高的政策相关性。
[2026-05-26 12:20:06] [INFO] -> 实时进度提示: 已完成评估 63/174
[2026-05-26 12:20:16] [INFO] 【保留核心】 ID: 2024-03763 | 标题: Dual Use Foundation Artificial... | 原因: 该文件是美国商务部根据拜登总统关于人工智能的行政命令，针对‘具有广泛可用模型权重的双用途基础模型’发起的正式咨询与政策研究。该议题直接涉及前沿AI模型的安全监管、风险评估及国家级治理策略，属于国家核心AI政策范畴。
[2026-05-26 12:20:16] [INFO] -> 实时进度提示: 已完成评估 64/174
[2026-05-26 12:20:28] [INFO] 【剔除噪声】 ID: 2024-03481 | 标题: National Artificial Intelligen... | 原因: 该文件属于国家人工智能咨询委员会（NAIAC）的会议通知，仅用于告知公众关于AI安全议题的公开简报会时间与注册方式。虽然涉及AI安全议题，但该文件本身仅为行政性的会议通知，不包含具体的政策制定、监管规范或实质性的战略部署，属于日常行政事务。
[2026-05-26 12:20:28] [INFO] -> 实时进度提示: 已完成评估 65/174
[2026-05-26 12:20:39] [INFO] 【保留核心】 ID: 2024-02623 | 标题: Inventorship Guidance for AI-A... | 原因: 该文件是美国专利商标局（USPTO）针对人工智能辅助发明制定的正式审查指南，直接响应了关于AI安全与发展的行政命令。它明确了AI在创新过程中的法律地位及专利申请的审查标准，属于特定领域（知识产权与专利法）针对AI应用制定的核心监管规范，对AI产业的研发激励机制具有实质性影响。
[2026-05-26 12:20:39] [INFO] -> 实时进度提示: 已完成评估 66/174
[2026-05-26 12:20:51] [INFO] 【剔除噪声】 ID: 2024-02086 | 标题: National Artificial Intelligen... | 原因: 该文件属于国家人工智能咨询委员会（NAIAC）的例行会议通知，旨在告知公众会议时间、地点及议程。虽然NAIAC本身是重要的咨询机构，但该特定文件仅为行政性的会议公告，不包含具体的政策法规、监管标准或实质性的战略部署，属于日常事务性通知。
[2026-05-26 12:20:51] [INFO] -> 实时进度提示: 已完成评估 67/174
[2026-05-26 12:21:30] [INFO] 【保留核心】 ID: 2024-01707 | 标题: AI in Global Development Playb... | 原因: 该文件直接响应美国总统关于人工智能安全、可靠和可信发展的第14110号行政令，旨在制定全球发展中的AI应用指南（Playbook），并将NIST的AI风险管理框架应用于国际发展领域。这属于国家核心AI治理政策的执行范畴，具有极高的政策相关性。
[2026-05-26 12:21:30] [INFO] -> 实时进度提示: 已完成评估 68/174
[2026-05-26 12:21:40] [INFO] 【剔除噪声】 ID: 2024-00116 | 标题: National Artificial Intelligen... | 原因: 该文件属于国家人工智能咨询委员会（NAIAC）下属执法小组委员会的会议通知。虽然其讨论主题涉及AI在执法领域的应用，但该文件本身仅是一份行政性的会议召开通知，不包含具体的政策法规、监管标准或实质性的战略部署，属于日常行政事务。
[2026-05-26 12:21:40] [INFO] -> 实时进度提示: 已完成评估 69/174
[2026-05-26 12:22:02] [INFO] 【保留核心】 ID: 2023-28232 | 标题: Request for Information (RFI) ... | 原因: 该文件是美国国家标准与技术研究院（NIST）为落实总统关于人工智能安全、可靠开发与使用的行政令而发布的征求意见稿（RFI）。它直接涉及AI技术评估、审计能力建设以及红队测试指南的制定，属于国家核心AI治理与监管政策的直接执行环节，具有极高的政策相关性。
[2026-05-26 12:22:02] [INFO] -> 实时进度提示: 已完成评估 70/174
[2026-05-26 12:22:26] [INFO] 【剔除噪声】 ID: 2023-25954 | 标题: National Artificial Intelligen... | 原因: 该文件属于国家人工智能咨询委员会（NAIAC）的会议通知，仅涉及行政会议安排和日常工作流程，不包含具体的政策制定、监管规范或实质性的技术指导，属于日常行政事务通知。
[2026-05-26 12:22:26] [INFO] -> 实时进度提示: 已完成评估 71/174
[2026-05-26 12:22:48] [INFO] 【剔除噪声】 ID: 2023-25128 | 标题: Artificial Intelligence and Co... | 原因: 该文件仅为美国版权局关于人工智能版权政策研究的公众意见征询截止日期延期通知。属于行政程序性通知，而非针对AI技术本身或产业发展的实质性监管政策或战略规划。
[2026-05-26 12:22:48] [INFO] -> 实时进度提示: 已完成评估 72/174
[2026-05-26 12:22:58] [INFO] 【保留核心】 ID: 2023-24269 | 标题: Request for Comments on Advanc... | 原因: 该文件是美国管理和预算办公室（OMB）发布的关于联邦政府使用人工智能的治理、创新和风险管理备忘录的征求意见稿。它直接针对政府部门AI使用的核心监管框架、风险管理实践及安全合规要求，属于国家级AI治理核心政策范畴。
[2026-05-26 12:22:58] [INFO] -> 实时进度提示: 已完成评估 73/174
[2026-05-26 12:23:08] [INFO] 【保留核心】 ID: 2023-24216 | 标题: Artificial Intelligence Safety... | 原因: 该文件涉及美国国家标准与技术研究院（NIST）建立人工智能安全研究所联盟（AISIC），旨在制定AI安全测量科学、评估前沿基础模型并落实AI风险管理框架（AI RMF）。这属于国家核心AI治理与安全战略的直接执行，对AI技术安全与监管具有决定性影响。
[2026-05-26 12:23:08] [INFO] -> 实时进度提示: 已完成评估 74/174
[2026-05-26 12:23:31] [INFO] 【保留核心】 ID: 2023-24283 | 标题: Safe, Secure, and Trustworthy ... | 原因: 该文件为美国总统签署的关于人工智能安全、可靠和可信开发与使用的行政命令（EO 14110），是美国国家层面针对AI治理的核心政策文件。它直接规定了联邦政府在AI风险管理、安全评估、创新促进及机构AI治理架构（如首席人工智能官）方面的职责，属于国家核心政策。
[2026-05-26 12:23:31] [INFO] -> 实时进度提示: 已完成评估 75/174
[2026-05-26 12:23:41] [INFO] 【剔除噪声】 ID: 2023-24045 | 标题: National Artificial Intelligen... | 原因: 该文件属于国家人工智能咨询委员会（NAIAC）的会议通知，属于行政性日常事务公告，而非针对AI技术研发、监管或产业发展的实质性政策文件，因此判定为噪音。
[2026-05-26 12:23:41] [INFO] -> 实时进度提示: 已完成评估 76/174
[2026-05-26 12:23:51] [INFO] 【剔除噪声】 ID: 2023-21808 | 标题: National Artificial Intelligen... | 原因: 该文件仅为国家人工智能咨询委员会（NAIAC）的会议通知，属于行政事务性公告，旨在告知公众会议时间、地点及议程，不涉及具体的AI政策制定、监管规范或战略部署，因此判定为噪音。
[2026-05-26 12:23:51] [INFO] -> 实时进度提示: 已完成评估 77/174
[2026-05-26 12:24:15] [INFO] 【保留核心】 ID: 2023-20902 | 标题: Discussion Paper: Artificial I... | 原因: 该文件是FDA针对人工智能在药品制造领域应用所发布的讨论文件及征求意见通知。这属于特定行业（医疗/制药）针对AI应用制定的核心监管框架的前期准备工作，直接影响AI在医疗制造领域的合规性与技术落地，符合4分标准。
[2026-05-26 12:24:15] [INFO] -> 实时进度提示: 已完成评估 78/174
[2026-05-26 12:24:32] [INFO] 【保留核心】 ID: 2023-20480 | 标题: Artificial Intelligence and Co... | 原因: 该文件涉及美国版权局针对人工智能系统引发的版权法律与政策问题进行的正式研究与公众咨询。版权归属是生成式AI产业发展的核心法律基石，该政策行动直接影响AI模型训练数据的合法性及产出物的权利归属，属于针对AI应用的重要监管与法律框架构建，具有实质性政策影响。
[2026-05-26 12:24:32] [INFO] -> 实时进度提示: 已完成评估 79/174
[2026-05-26 12:24:42] [INFO] 【剔除噪声】 ID: 2023-19656 | 标题: National Artificial Intelligen... | 原因: 该文件仅为国家人工智能咨询委员会（NAIAC）下属执法小组委员会的会议通知，属于行政事务性公告，不涉及具体的政策制定、监管规范或实质性的技术引导，因此判定为噪音。
[2026-05-26 12:24:42] [INFO] -> 实时进度提示: 已完成评估 80/174
[2026-05-26 12:24:52] [INFO] 【剔除噪声】 ID: 2023-19640 | 标题: National Artificial Intelligen... | 原因: 该文件属于国家人工智能咨询委员会（NAIAC）的会议通知，仅涉及行政性的会议安排和公众参与流程，不包含具体的政策制定、监管规范或实质性的技术指导，属于日常行政事务通知。
[2026-05-26 12:24:52] [INFO] -> 实时进度提示: 已完成评估 81/174
[2026-05-26 12:25:13] [INFO] 【保留核心】 ID: 2023-18624 | 标题: Artificial Intelligence and Co... | 原因: 该文件是美国版权局针对人工智能（AI）系统引发的版权法律与政策问题发起的正式研究与公众咨询。它直接探讨了AI模型训练中的版权合规性、透明度要求以及AI生成内容的法律地位，属于针对AI技术在特定领域（版权与知识产权）的核心监管与政策制定过程，具有高度的政策实质性。
[2026-05-26 12:25:13] [INFO] -> 实时进度提示: 已完成评估 82/174
[2026-05-26 12:25:34] [INFO] 【剔除噪声】 ID: 2023-18542 | 标题: National Artificial Intelligen... | 原因: 该文件属于国家人工智能咨询委员会（NAIAC）的会议通知，仅涉及行政会议的召开时间与议程安排，属于日常行政事务通知，不包含具体的政策制定、监管规范或实质性的技术引导内容，因此判定为噪音。
[2026-05-26 12:25:34] [INFO] -> 实时进度提示: 已完成评估 83/174
[2026-05-26 12:25:51] [INFO] 【剔除噪声】 ID: 2023-18541 | 标题: National Artificial Intelligen... | 原因: 该文件仅为国家人工智能咨询委员会（NAIAC）下属执法小组委员会的会议通知，属于行政事务性公告，不涉及具体的政策制定、监管规范或实质性的技术引导，因此被判定为噪音。
[2026-05-26 12:25:51] [INFO] -> 实时进度提示: 已完成评估 84/174
[2026-05-26 12:26:10] [INFO] 【剔除噪声】 ID: 2023-18044 | 标题: USPTO AI/ET Partnership: Publi... | 原因: 该文件属于美国专利商标局（USPTO）关于举办人工智能与新兴技术（AI/ET）合作伙伴系列公开会议的通知。虽然会议主题涉及AI，但该文件仅为行政性的会议通知，旨在收集利益相关者反馈，不涉及具体的AI监管政策、技术标准制定或实质性的产业扶持措施，属于日常行政事务。
[2026-05-26 12:26:10] [INFO] -> 实时进度提示: 已完成评估 85/174
[2026-05-26 12:26:23] [INFO] 【保留核心】 ID: 2023-17547 | 标题: Artificial Intelligence in Cam... | 原因: 该文件涉及联邦选举委员会（FEC）针对竞选广告中AI生成内容的监管规则制定。这属于特定领域（政治传播与选举）针对AI应用制定的核心规范，旨在防范AI带来的欺诈性误导风险，具有明确的政策监管导向，因此判定为非噪音。
[2026-05-26 12:26:23] [INFO] -> 实时进度提示: 已完成评估 86/174
[2026-05-26 12:26:41] [INFO] 【剔除噪声】 ID: 2023-14965 | 标题: National Artificial Intelligen... | 原因: 该文件属于国家人工智能咨询委员会（NAIAC）的会议通知，仅涉及行政性的会议安排和专家简报流程，不包含具体的政策制定、监管规范或实质性的技术引导，属于日常行政事务通知，因此判定为噪音。
[2026-05-26 12:26:41] [INFO] -> 实时进度提示: 已完成评估 87/174
[2026-05-26 12:26:53] [INFO] 【剔除噪声】 ID: 2023-14025 | 标题: National Artificial Intelligen... | 原因: 该文件仅为国家人工智能咨询委员会（NAIAC）的会议通知，属于行政事务性公告，不涉及具体的AI政策制定、监管规范或实质性的技术战略部署，因此判定为噪音。
[2026-05-26 12:26:53] [INFO] -> 实时进度提示: 已完成评估 88/174
[2026-05-26 12:27:10] [INFO] 【剔除噪声】 ID: 2023-12164 | 标题: National Artificial Intelligen... | 原因: 该文件属于政府部门关于人工智能咨询委员会（NAIAC）召开公开简报会的行政通知，主要目的是告知公众会议时间及注册方式，属于日常行政事务性通知，不涉及具体的AI政策制定、监管规范或实质性的技术战略部署。
[2026-05-26 12:27:10] [INFO] -> 实时进度提示: 已完成评估 89/174
[2026-05-26 12:27:20] [INFO] 【保留核心】 ID: 2023-11245 | 标题: NUREG: Artificial Intelligence... | 原因: 该文件是美国核管理委员会（NRC）发布的《2023-2027财年人工智能战略计划》。该政策明确了监管机构如何评估、审查及确保AI在核能监管活动中的安全应用，涵盖了组织框架、人才培养及监管决策准备等核心治理内容，属于特定高风险行业针对AI应用的专项核心监管战略。
[2026-05-26 12:27:20] [INFO] -> 实时进度提示: 已完成评估 90/174
[2026-05-26 12:27:32] [INFO] 【保留核心】 ID: 2023-11346 | 标题: Request for Information; Natio... | 原因: 该文件是美国白宫科技政策办公室（OSTP）为制定国家人工智能战略而发布的征求意见稿（RFI）。它直接关系到美国国家层面的AI发展路径、风险管控及核心战略优先级，属于国家核心政策制定过程中的关键环节，符合5分标准。
[2026-05-26 12:27:32] [INFO] -> 实时进度提示: 已完成评估 91/174
[2026-05-26 12:27:42] [INFO] 【剔除噪声】 ID: 2023-11076 | 标题: Notice of Workshop on U.S. Lea... | 原因: 该文件属于美国国家科学基金会（NSF）发布的关于举办软件工程与人工智能工程研讨会的通知。其性质为行政部门的日常会议公告，旨在收集学术界和产业界的意见，而非具有法律约束力的监管政策、专项拨款或核心战略部署，因此判定为边缘相关且属于噪音。
[2026-05-26 12:27:42] [INFO] -> 实时进度提示: 已完成评估 92/174
[2026-05-26 12:27:53] [INFO] 【保留核心】 ID: 2023-09985 | 标题: Using Artificial Intelligence ... | 原因: 该文件是FDA针对人工智能和机器学习在药物及生物制品研发中的应用发布的讨论文件。它直接涉及医疗这一特定高监管领域中AI的应用规范与监管框架构建，属于对AI行业应用具有实质性引导和监管意义的政策性文件。
[2026-05-26 12:27:53] [INFO] -> 实时进度提示: 已完成评估 93/174
[2026-05-26 12:28:05] [INFO] 【剔除噪声】 ID: 2023-07953 | 标题: USPTO AI Inventorship: Notice ... | 原因: 该文件属于美国专利商标局（USPTO）关于人工智能发明人资格的公开听证会通知。虽然涉及AI知识产权这一重要议题，但该文件本身仅是行政流程中的听证会公告，属于日常行政事务通知，不具备直接的监管规范或战略引导效力，因此判定为噪音。
[2026-05-26 12:28:05] [INFO] -> 实时进度提示: 已完成评估 94/174
[2026-05-26 12:28:24] [INFO] 【保留核心】 ID: 2023-07776 | 标题: AI Accountability Policy Reque... | 原因: 该文件是美国商务部下属NTIA针对人工智能系统问责制（AI Accountability）发布的征求意见稿。其核心目标是为AI系统的合法性、有效性、伦理和安全性建立监管框架和保障生态，直接关联国家级AI治理战略与监管政策制定，属于核心政策范畴。
[2026-05-26 12:28:24] [INFO] -> 实时进度提示: 已完成评估 95/174
[2026-05-26 12:28:34] [INFO] 【剔除噪声】 ID: 2023-07289 | 标题: USPTO AI Inventorship: Notice ... | 原因: 该文件属于美国专利商标局（USPTO）关于人工智能发明人资格问题的公开听证会通知。虽然其议题涉及AI技术在知识产权领域的应用，但该文件本身仅为行政性的会议通知，旨在收集公众意见，而非制定具体的AI监管政策或行业规范，属于边缘相关的日常行政事务。
[2026-05-26 12:28:34] [INFO] -> 实时进度提示: 已完成评估 96/174
[2026-05-26 12:28:54] [INFO] 【保留核心】 ID: 2023-06786 | 标题: Marketing Submission Recommend... | 原因: 该文件是FDA针对人工智能/机器学习赋能的医疗设备软件功能（ML-DSF）制定的预定变更控制计划（PCCP）草案指南。它直接针对特定高风险行业（医疗）中的AI应用监管，旨在规范AI医疗设备的迭代更新与安全性评估，属于核心行业监管政策。
[2026-05-26 12:28:54] [INFO] -> 实时进度提示: 已完成评估 97/174
[2026-05-26 12:29:20] [INFO] 【剔除噪声】 ID: 2023-06271 | 标题: National Artificial Intelligen... | 原因: 该文件属于政府部门关于人工智能咨询委员会（NAIAC）会议召开的日常行政通知，旨在告知会议时间、地点及议程。虽然涉及AI治理机构，但该文件本身仅为会议公告，不包含具体的政策制定、监管规范或实质性的AI战略部署，属于日常行政事务。
[2026-05-26 12:29:20] [INFO] -> 实时进度提示: 已完成评估 98/174
[2026-05-26 12:29:30] [INFO] 【保留核心】 ID: 2023-05321 | 标题: Copyright Registration Guidanc... | 原因: 该文件是美国版权局针对生成式AI内容版权注册发布的正式政策声明。它直接界定了AI生成内容在法律框架下的可版权性，属于针对AI技术在创意产业应用的核心监管规范，对AI产业的法律合规与商业模式具有深远影响。
[2026-05-26 12:29:30] [INFO] -> 实时进度提示: 已完成评估 99/174
[2026-05-26 12:29:48] [INFO] 【保留核心】 ID: 2023-04206 | 标题: Discussion Paper: Artificial I... | 原因: 该文件由FDA发布，专门针对人工智能在药品生产中的应用进行政策探讨与意见征询。这属于特定高监管行业（医疗/制药）针对AI应用制定的核心规范前置研究，旨在为未来的监管框架奠定基础，具有明确的行业监管导向和政策影响力。
[2026-05-26 12:29:48] [INFO] -> 实时进度提示: 已完成评估 100/174
[2026-05-26 12:29:58] [INFO] 【保留核心】 ID: 2023-03066 | 标题: Request for Comments Regarding... | 原因: 该文件是美国专利商标局（USPTO）针对人工智能在发明创造中的主体地位及专利权归属问题发起的正式征求意见稿。这属于针对AI技术在知识产权领域应用的核心监管与政策制定过程，直接影响AI辅助创新的法律框架，具有重要的行业监管意义。
[2026-05-26 12:29:58] [INFO] -> 实时进度提示: 已完成评估 101/174
[2026-05-26 12:30:08] [INFO] 【剔除噪声】 ID: 2023-01645 | 标题: Public Meeting on Innovation D... | 原因: 该文件仅为美国专利商标局（USPTO）关于举办人工智能与知识产权相关公开座谈会的通知。虽然涉及AI议题，但属于部门日常的交流活动通知，不具备实质性的政策引导、监管约束或产业扶持效力，因此判定为边缘相关且属于噪音。
[2026-05-26 12:30:08] [INFO] -> 实时进度提示: 已完成评估 102/174
[2026-05-26 12:30:20] [INFO] 【剔除噪声】 ID: 2023-00026 | 标题: National Artificial Intelligen... | 原因: 该文件属于国家人工智能咨询委员会（NAIAC）的会议通知，仅涉及行政会议的召开时间、地点及议程安排，属于日常行政事务通知，不包含具体的政策制定、监管规范或实质性的技术指导，因此判定为噪音。
[2026-05-26 12:30:20] [INFO] -> 实时进度提示: 已完成评估 103/174
[2026-05-26 12:30:32] [INFO] 【剔除噪声】 ID: 2022-27401 | 标题: National Artificial Intelligen... | 原因: 该文件仅为国家人工智能研究资源（NAIRR）工作组的会议通知，属于行政事务性公告，不包含具体的政策制定、监管规范或实质性的资源分配决策，因此判定为边缘相关且属于噪音。
[2026-05-26 12:30:32] [INFO] -> 实时进度提示: 已完成评估 104/174
[2026-05-26 12:30:43] [INFO] 【剔除噪声】 ID: 2022-23811 | 标题: Cooperative Research and Devel... | 原因: 该文件属于美国海岸警卫队关于特定合作研发协议（CRADA）的意向通知，旨在评估特定商业AI产品（SARBox）在搜救中的应用潜力。这属于针对具体技术验证的个案性行政通知，而非针对AI行业的通用监管政策或战略性部署，因此判定为边缘相关且属于噪音。
[2026-05-26 12:30:43] [INFO] -> 实时进度提示: 已完成评估 105/174
[2026-05-26 12:30:53] [INFO] 【剔除噪声】 ID: 2022-23733 | 标题: National Artificial Intelligen... | 原因: 该文件仅为国家人工智能研究资源（NAIRR）工作组的会议通知，属于行政事务性公告。虽然工作组本身涉及AI基础设施建设，但该文件内容仅限于会议时间、地点和议程安排，不包含具体的政策制定、监管规范或实质性的资源分配决策，因此判定为边缘相关的日常通知。
[2026-05-26 12:30:53] [INFO] -> 实时进度提示: 已完成评估 106/174
[2026-05-26 12:31:16] [INFO] 【剔除噪声】 ID: 2022-20801 | 标题: National Artificial Intelligen... | 原因: 该文件属于联邦咨询委员会（NAIAC）的会议通知，仅涉及会议时间、地点及议程安排等行政性事务，不包含具体的AI政策制定、监管规范或实质性战略部署，属于日常行政通知，因此判定为噪音。
[2026-05-26 12:31:16] [INFO] -> 实时进度提示: 已完成评估 107/174
[2026-05-26 12:31:35] [INFO] 【剔除噪声】 ID: 2022-20478 | 标题: National Artificial Intelligen... | 原因: 该文件属于国家人工智能研究资源（NAIRR）工作组的会议通知，虽然涉及AI基础设施的顶层设计讨论，但其本质是行政性的会议安排通知，而非直接发布政策规范或实施细则，符合“日常个案/通知”的定义。
[2026-05-26 12:31:35] [INFO] -> 实时进度提示: 已完成评估 108/174
[2026-05-26 12:31:50] [INFO] 【保留核心】 ID: 2022-17576 | 标题: Request for Comments on Artifi... | 原因: 该文件由美国商务部国际贸易管理局发布，旨在收集关于人工智能出口竞争力的公众意见，直接关联到国家层面的AI技术出口战略、全球市场监管及贸易政策制定，属于国家核心政策范畴。
[2026-05-26 12:31:50] [INFO] -> 实时进度提示: 已完成评估 109/174
[2026-05-26 12:32:02] [INFO] 【剔除噪声】 ID: 2022-17227 | 标题: National Artificial Intelligen... | 原因: 该文件属于联邦咨询委员会的会议通知，虽然涉及国家人工智能研究资源（NAIRR）任务组的讨论，但其本质是行政性的会议安排通知，而非直接发布政策法规或战略规划，属于日常行政个案。
[2026-05-26 12:32:02] [INFO] -> 实时进度提示: 已完成评估 110/174
[2026-05-26 12:32:12] [INFO] 【保留核心】 ID: 2022-14239 | 标题: NRC's Fiscal Years 2023-2027 A... | 原因: 该文件是美国核管理委员会（NRC）制定的2023-2027年人工智能战略规划草案，属于特定高风险行业（核能）针对AI应用制定的核心战略与监管框架，旨在规范AI在核设施中的应用，具有明确的政策导向和行业监管意义。
[2026-05-26 12:32:12] [INFO] -> 实时进度提示: 已完成评估 111/174
[2026-05-26 12:32:22] [INFO] 【剔除噪声】 ID: 2022-12851 | 标题: National Artificial Intelligen... | 原因: 该文件属于国家科学基金会（NSF）关于人工智能研究资源工作组（NAIRR）会议的行政通知。虽然该工作组本身具有战略意义，但本文件仅为一次会议的召开通知，属于日常行政事务，不包含具体的政策制定、监管规范或实质性的资源分配决策，因此判定为噪音。
[2026-05-26 12:32:22] [INFO] -> 实时进度提示: 已完成评估 112/174
[2026-05-26 12:32:45] [INFO] 【剔除噪声】 ID: 2022-12139 | 标题: Events for the Artificial Inte... | 原因: 该文件属于美国专利商标局（USPTO）关于成立人工智能与新兴技术合作伙伴关系的会议通知。其核心内容是行政性的沟通与联络，旨在收集利益相关者意见，而非制定具体的AI监管规则、技术标准或产业扶持政策，属于日常行政事务通知。
[2026-05-26 12:32:45] [INFO] -> 实时进度提示: 已完成评估 113/174
[2026-05-26 12:32:56] [INFO] 【保留核心】 ID: 2022-11223 | 标题: Request for Information (RFI) ... | 原因: 该文件涉及国家人工智能研究资源（NAIRR）任务组的实施路线图，属于美国国家级AI战略基建的核心政策规划。它直接关系到AI算力资源、数据集和研发工具的公共分配，对AI技术研发具有深远的战略影响，符合5分标准。
[2026-05-26 12:32:56] [INFO] -> 实时进度提示: 已完成评估 114/174
[2026-05-26 12:33:06] [INFO] 【保留核心】 ID: 2022-11222 | 标题: Public Listening Session on Im... | 原因: 该文件涉及国家人工智能研究资源（NAIRR）任务组的公开听证会，旨在为AI研究人员构建共享算力、数据和工具的基础设施。虽然该文件本身是会议通知，但其核心议题直接关联国家级AI科研基础设施的建设与部署，属于对AI产业发展有实质性推动作用的协同基建范畴。
[2026-05-26 12:33:06] [INFO] -> 实时进度提示: 已完成评估 115/174
[2026-05-26 12:33:16] [INFO] 【剔除噪声】 ID: 2022-08319 | 标题: National Artificial Intelligen... | 原因: 该文件属于国家人工智能咨询委员会（NAIAC）的会议通知，虽然涉及AI议题，但其本质是行政性的会议安排公告，而非直接制定AI监管政策、技术标准或产业扶持措施的实质性政策文件，属于日常事务性通知。
[2026-05-26 12:33:16] [INFO] -> 实时进度提示: 已完成评估 116/174
[2026-05-26 12:33:36] [INFO] 【剔除噪声】 ID: 2022-05879 | 标题: National Artificial Intelligen... | 原因: 该文件仅为国家人工智能研究资源工作组（NAIRR）的会议通知，属于行政事务性的日常公告，而非针对AI技术本身制定的监管政策或战略规划，因此判定为噪音。
[2026-05-26 12:33:36] [INFO] -> 实时进度提示: 已完成评估 117/174
[2026-05-26 12:33:47] [INFO] 【剔除噪声】 ID: 2022-05081 | 标题: Notice Pursuant to the Nationa... | 原因: 该文件属于司法部反垄断部门发布的行政通知，旨在根据《国家合作研究与生产法》披露AI基础设施联盟（AIIA）的成员身份及合作目的，以获得反垄断豁免。这属于政府对企业合作行为的合规性备案公示，而非针对AI技术发展的引导性政策或监管规范，因此判定为边缘相关且属于噪音。
[2026-05-26 12:33:47] [INFO] -> 实时进度提示: 已完成评估 118/174
[2026-05-26 12:33:59] [INFO] 【剔除噪声】 ID: 2022-04101 | 标题: National Artificial Intelligen... | 原因: 该文件仅为国家人工智能研究资源工作组（NAIRR Task Force）的会议通知，属于行政事务性公告，而非直接制定AI政策、监管规范或战略部署的实质性文件，因此判定为噪音。
[2026-05-26 12:33:59] [INFO] -> 实时进度提示: 已完成评估 119/174
[2026-05-26 12:34:10] [INFO] 【保留核心】 ID: 2022-02161 | 标题: Request for Information to the... | 原因: 该文件是美国白宫科技政策办公室（OSTP）针对《国家人工智能研发战略计划》的更新征求意见稿。该战略计划是美国人工智能发展的顶层设计，直接涉及国家级AI研发方向、算力基建、人才培养及伦理治理，属于国家核心政策范畴。
[2026-05-26 12:34:10] [INFO] -> 实时进度提示: 已完成评估 120/174
[2026-05-26 12:34:22] [INFO] 【剔除噪声】 ID: 2022-01721 | 标题: CPSC Artificial Intelligence a... | 原因: 该文件仅为美国消费品安全委员会（CPSC）举办关于AI技术测试与评估论坛的行政通知，属于日常事务性公告，不涉及具体的监管政策制定、行业标准发布或实质性的AI治理行动，因此判定为噪音。
[2026-05-26 12:34:22] [INFO] -> 实时进度提示: 已完成评估 121/174
[2026-05-26 12:34:35] [INFO] 【剔除噪声】 ID: 2021-25779 | 标题: National Artificial Intelligen... | 原因: 该文件仅为国家人工智能研究资源（NAIRR）工作组的会议通知。虽然该工作组的职能与AI基础设施建设相关，但本文件本身仅是一份行政性的会议安排公告，不包含具体的政策制定、法规发布或实质性的资源分配决策，属于日常行政事务通知。
[2026-05-26 12:34:35] [INFO] -> 实时进度提示: 已完成评估 122/174
[2026-05-26 12:34:48] [INFO] 【保留核心】 ID: 2021-19287 | 标题: Call for Nominations To Serve ... | 原因: This document establishes the National Artificial Intelligence Advisory Committee (NAIAC) as mandated by the National Artificial Intelligence Initiative Act of 2020. It is a core governance policy document that directly shapes the strategic direction, research priorities, and regulatory framework for AI in the United States, falling under the highest level of national AI policy and strategy.
[2026-05-26 12:34:48] [INFO] -> 实时进度提示: 已完成评估 123/174
[2026-05-26 12:34:58] [INFO] 【保留核心】 ID: 2021-18108 | 标题: Artificial Intelligence Risk M... | 原因: 该文件是美国国家标准与技术研究院（NIST）关于制定《人工智能风险管理框架》（AI RMF）的官方公告。AI RMF 是美国政府监管和引导人工智能安全、可信发展的核心政策工具，直接关系到通用大模型及AI系统的治理标准，属于国家核心政策范畴。
[2026-05-26 12:34:58] [INFO] -> 实时进度提示: 已完成评估 124/174
[2026-05-26 12:35:09] [INFO] 【保留核心】 ID: 2021-17737 | 标题: Request for Information (RFI) ... | 原因: 该文件涉及美国国家人工智能研究资源（NAIRR）的实施路线图制定，这是美国国家级AI战略的核心组成部分，旨在为AI研究提供算力、数据和基础设施支持，直接影响国家AI研发能力，属于国家核心政策范畴。
[2026-05-26 12:35:09] [INFO] -> 实时进度提示: 已完成评估 125/174
[2026-05-26 12:35:20] [INFO] 【剔除噪声】 ID: 2021-16981 | 标题: National Artificial Intelligen... | 原因: 该文件仅为国家人工智能研究资源工作组（NAIRR Task Force）的会议通知，属于行政性的日常会议安排，而非直接发布政策法规或战略规划。虽然其讨论内容涉及AI基础设施，但该文件本身仅是会议公告，不具备实质性的政策约束力或直接的产业引导作用。
[2026-05-26 12:35:20] [INFO] -> 实时进度提示: 已完成评估 126/174
[2026-05-26 12:35:35] [INFO] 【剔除噪声】 ID: 2021-16980 | 标题: National Artificial Intelligen... | 原因: 该文件仅为国家人工智能研究资源（NAIRR）工作组的会议通知。虽然该工作组的职能涉及AI基础设施的规划，但本文件本身仅是行政性的会议安排通知，不包含具体的政策法规、拨款决定或实质性的监管准则，因此归类为边缘相关的日常通知。
[2026-05-26 12:35:35] [INFO] -> 实时进度提示: 已完成评估 127/174
[2026-05-26 12:35:44] [ERROR] 【API内部错误】ID: 2021-16566 | 错误码: 503 | 信息: 503 UNAVAILABLE. {'error': {'code': 503, 'message': 'This model is currently experiencing high demand. Spikes in demand are usually temporary. Please try again later.', 'status': 'UNAVAILABLE'}}
[2026-05-26 12:35:44] [INFO] -> 实时进度提示: 已完成评估 128/174
[2026-05-26 12:35:54] [INFO] 【保留核心】 ID: 2021-16176 | 标题: Artificial Intelligence Risk M... | 原因: 该文件是美国国家标准与技术研究院（NIST）关于制定《人工智能风险管理框架》（AI RMF）的征求意见稿。AI RMF 是美国政府在 AI 治理领域的核心战略性举措，旨在为 AI 系统的设计、开发和评估提供可信度标准，属于国家核心政策范畴。
[2026-05-26 12:35:54] [INFO] -> 实时进度提示: 已完成评估 129/174
[2026-05-26 12:36:05] [INFO] 【保留核心】 ID: 2021-15660 | 标题: Request for Information (RFI) ... | 原因: 该文件是关于建立国家人工智能研究资源（NAIRR）的征求意见稿，直接涉及国家级AI基础设施的顶层设计、算力资源分配、数据共享及安全治理框架，属于国家核心AI战略政策范畴。
[2026-05-26 12:36:05] [INFO] -> 实时进度提示: 已完成评估 130/174
[2026-05-26 12:36:16] [INFO] 【保留核心】 ID: 2021-13332 | 标题: National Artificial Intelligen... | 原因: 该文件涉及美国国家人工智能研究资源（NAIRR）工作组的成立与首次会议，旨在规划国家级AI算力与数据基础设施的建设路径。这属于国家核心AI战略与基建规划范畴，对AI技术研发与资源分配具有直接且深远的政策影响。
[2026-05-26 12:36:16] [INFO] -> 实时进度提示: 已完成评估 131/174
[2026-05-26 12:36:27] [INFO] 【保留核心】 ID: 2021-10861 | 标题: Request for Information and Co... | 原因: 该文件是美国五大金融监管机构（美联储、OCC、FDIC等）针对金融机构使用人工智能（AI）和机器学习（ML）发起的联合信息征询（RFI）的延期公告。这属于金融行业监管部门对AI应用进行深度调研和潜在监管框架制定的核心环节，直接影响AI在金融领域的合规与应用规范，具有重要的政策导向意义。
[2026-05-26 12:36:27] [INFO] -> 实时进度提示: 已完成评估 132/174
[2026-05-26 12:36:49] [INFO] 【保留核心】 ID: 2021-08177 | 标题: Role of Artificial Intelligenc... | 原因: 该文件是美国核管理委员会（NRC）针对人工智能在核电运营中的应用发起的公开征求意见。这属于特定高风险行业（核能）针对AI应用制定的监管前瞻性政策，旨在评估AI技术在关键基础设施中的安全与合规性，具有实质性的行业监管导向意义。
[2026-05-26 12:36:49] [INFO] -> 实时进度提示: 已完成评估 133/174
[2026-05-26 12:37:06] [INFO] 【保留核心】 ID: 2021-06607 | 标题: Request for Information and Co... | 原因: 该文件是美国五大金融监管机构联合发布的关于金融机构使用人工智能（AI）和机器学习（ML）的信息征询书（RFI）。其核心目的是探讨AI在金融服务中的应用、治理、风险管理及合规性，直接指向AI在高度监管行业（金融业）的规范化与监管框架构建，属于重要行业监管战略范畴。
[2026-05-26 12:37:06] [INFO] -> 实时进度提示: 已完成评估 134/174
[2026-05-26 12:37:16] [INFO] 【剔除噪声】 ID: 2021-02983 | 标题: National Security Commission o... | 原因: 该文件仅为美国国家人工智能安全委员会（NSCAI）发布的一则关于召开联邦咨询委员会虚拟公开会议的行政通知，属于日常事务性公告，不包含具体的政策导向、监管规范或实质性的技术战略内容。
[2026-05-26 12:37:16] [INFO] -> 实时进度提示: 已完成评估 135/174
[2026-05-26 12:37:26] [INFO] 【剔除噪声】 ID: 2021-02261 | 标题: National Security Commission o... | 原因: 该文件仅为美国国家人工智能安全委员会（NSCAI）关于延长联邦咨询委员会会议时间的行政通知，属于日常行政事务公告，不包含任何实质性的政策导向、监管规范或技术战略内容。
[2026-05-26 12:37:26] [INFO] -> 实时进度提示: 已完成评估 136/174
[2026-05-26 12:37:36] [INFO] 【剔除噪声】 ID: 2021-02196 | 标题: National Security Commission o... | 原因: 该文件仅为美国国家人工智能安全委员会（NSCAI）关于召开联邦咨询委员会会议的行政通知，属于日常会议安排，不包含具体的政策法规、监管标准或实质性的战略部署，因此判定为噪音。
[2026-05-26 12:37:36] [INFO] -> 实时进度提示: 已完成评估 137/174
[2026-05-26 12:37:58] [INFO] 【剔除噪声】 ID: 2021-00126 | 标题: National Security Commission o... | 原因: 该文件仅为美国国家人工智能安全委员会（NSCAI）关于召开联邦咨询委员会会议的行政通知，属于日常会议安排公告，不包含具体的政策导向、监管规范或实质性的技术战略内容，因此判定为噪音。
[2026-05-26 12:37:58] [INFO] -> 实时进度提示: 已完成评估 138/174
[2026-05-26 12:38:12] [INFO] 【保留核心】 ID: 2020-27065 | 标题: Promoting the Use of Trustwort... | 原因: This is Executive Order 13960, a core national policy document that establishes mandatory principles for the design, development, acquisition, and use of AI across all U.S. federal agencies. It directly addresses AI governance, ethical standards, and the strategic integration of AI into government operations, fitting the definition of a national core policy.
[2026-05-26 12:38:12] [INFO] -> 实时进度提示: 已完成评估 139/174
[2026-05-26 12:38:34] [INFO] 【剔除噪声】 ID: 2020-26441 | 标题: CPSC Artificial Intelligence F... | 原因: 该文件仅为美国消费品安全委员会（CPSC）关于举办人工智能技术座谈会的公告通知。它属于行政部门的日常交流活动，不涉及具体的监管政策制定、行业标准发布或实质性的资源投入，因此被判定为边缘相关且属于噪音。
[2026-05-26 12:38:34] [INFO] -> 实时进度提示: 已完成评估 140/174
[2026-05-26 12:38:56] [INFO] 【剔除噪声】 ID: 2020-26365 | 标题: National Security Commission o... | 原因: 该文件仅为国家人工智能安全委员会（NSCAI）关于闭门会议的行政通知，属于日常事务性公告，不包含具体的政策导向、监管规范或实质性的技术战略部署，因此判定为噪音。
[2026-05-26 12:38:56] [INFO] -> 实时进度提示: 已完成评估 141/174
[2026-05-26 12:39:06] [INFO] 【剔除噪声】 ID: 2020-21021 | 标题: National Security Commission o... | 原因: 该文件仅为美国国家人工智能安全委员会（NSCAI）关于召开虚拟公开会议的行政通知，属于日常事务性公告，不包含具体的政策法规、技术标准或实质性的战略部署，因此判定为噪音。
[2026-05-26 12:39:06] [INFO] -> 实时进度提示: 已完成评估 142/174
[2026-05-26 12:39:17] [INFO] 【保留核心】 ID: 2020-20922 | 标题: Solicitation of Written Commen... | 原因: 该文件由美国国家人工智能安全委员会（NSCAI）发布，旨在征求中小企业对联邦政府AI技术采购及商业创新支持的意见。NSCAI是美国制定国家级AI战略的核心机构，该政策直接关联到政府如何采购AI系统及如何通过政策引导AI产业发展，属于国家核心政策范畴。
[2026-05-26 12:39:17] [INFO] -> 实时进度提示: 已完成评估 143/174
[2026-05-26 12:39:39] [INFO] 【剔除噪声】 ID: 2020-14587 | 标题: National Security Commission o... | 原因: 该文件仅为国家人工智能安全委员会（NSCAI）关于召开联邦咨询委员会会议的行政通知，属于日常会议安排，不包含任何具体的政策导向、监管规范或技术战略内容，因此判定为噪音。
[2026-05-26 12:39:39] [INFO] -> 实时进度提示: 已完成评估 144/174
[2026-05-26 12:39:49] [INFO] 【保留核心】 ID: 2020-11453 | 标题: Solicitation of Written Commen... | 原因: 该文件由美国国家人工智能安全委员会（NSCAI）发布，旨在征求公众意见以制定关于人工智能研发、国家安全与国防战略的最终报告。NSCAI是美国制定AI核心战略的关键机构，该文件直接关联国家级AI战略规划与安全政策，属于最高级别的政策相关性。
[2026-05-26 12:39:49] [INFO] -> 实时进度提示: 已完成评估 145/174
[2026-05-26 12:40:00] [INFO] 【保留核心】 ID: 2020-00261 | 标题: Request for Comments on a Draf... | 原因: 该文件是美国白宫管理与预算办公室（OMB）发布的关于人工智能监管的指导性备忘录草案，旨在为所有联邦机构制定AI相关监管和非监管方法提供核心框架。它直接涉及国家层面的AI治理战略、技术创新促进与安全保障，属于国家核心政策范畴。
[2026-05-26 12:40:00] [INFO] -> 实时进度提示: 已完成评估 146/174
[2026-05-26 12:40:19] [INFO] 【保留核心】 ID: 2019-26104 | 标题: Request for Comments on Intell... | 原因: 该文件是美国专利商标局（USPTO）针对人工智能技术对知识产权法律和政策影响的公开征求意见通知。知识产权保护是AI技术研发与产业化的核心监管领域，直接影响AI创新的激励机制与法律框架，属于重要行业监管与政策制定过程中的关键环节。
[2026-05-26 12:40:19] [INFO] -> 实时进度提示: 已完成评估 147/174
[2026-05-26 12:40:29] [INFO] 【保留核心】 ID: 2019-24753 | 标题: Public Comment for the Four Dr... | 原因: 该文件是美国国家海洋和大气管理局（NOAA）发布的关于人工智能、无人系统等四项科技战略的征求意见稿。这属于政府部门针对特定领域（气象与海洋科学）制定的AI专项应用战略，旨在通过AI提升科研效率和数据处理能力，具有明确的行业应用导向和政策引导作用，符合4分标准。
[2026-05-26 12:40:29] [INFO] -> 实时进度提示: 已完成评估 148/174
[2026-05-26 12:40:39] [INFO] 【保留核心】 ID: 2019-23638 | 标题: Request for Comments on Intell... | 原因: 该文件是美国专利商标局（USPTO）针对人工智能技术对知识产权法律和政策影响的正式征求意见稿。知识产权保护是AI技术创新生态的核心支柱，该政策直接影响AI专利授权标准及法律框架的构建，属于针对AI技术发展的核心监管与战略性政策研究，具有高度的政策实质性。
[2026-05-26 12:40:39] [INFO] -> 实时进度提示: 已完成评估 149/174
[2026-05-26 12:40:51] [INFO] 【剔除噪声】 ID: 2019-21190 | 标题: Request for Comments on Patent... | 原因: 该文件属于美国专利商标局（USPTO）关于人工智能发明专利审查指南征求意见的延期通知。虽然涉及AI专利政策的探讨，但其本质属于行政程序性通知，而非针对AI技术研发、安全监管或产业发展的实质性政策引导，因此判定为边缘相关且属于噪音。
[2026-05-26 12:40:51] [INFO] -> 实时进度提示: 已完成评估 150/174
[2026-05-26 12:41:02] [INFO] 【保留核心】 ID: 2019-18443 | 标题: Request for Comments on Patent... | 原因: 该文件是美国专利商标局（USPTO）针对人工智能发明专利审查政策发起的公开征求意见。专利保护制度是AI技术创新生态的核心支柱，直接影响AI企业的研发投入策略和技术成果转化，属于针对AI技术核心监管与战略制定的重要政策环节，具有实质性的政策引导意义。
[2026-05-26 12:41:02] [INFO] -> 实时进度提示: 已完成评估 151/174
[2026-05-26 12:41:27] [INFO] 【剔除噪声】 ID: 2019-16003 | 标题: Notice of Workshop on Artifici... | 原因: 该文件是一份关于举办人工智能与无线频谱研讨会的通知。虽然讨论了AI在特定技术领域的应用，但其性质属于政府部门举办的学术/技术交流活动通知，而非具有约束力的监管政策、专项拨款或国家级战略部署，因此被归类为边缘相关的日常通知。
[2026-05-26 12:41:27] [INFO] -> 实时进度提示: 已完成评估 152/174
[2026-05-26 12:41:38] [INFO] 【保留核心】 ID: 2019-14618 | 标题: Identifying Priority Access or... | 原因: 该文件是美国白宫发布关于保持人工智能领导地位的行政命令后的具体落实行动，由管理和预算办公室（OMB）发起，旨在通过优化联邦数据和模型资源来直接支持国家级AI研发与测试。这属于国家核心AI战略的执行层面，对AI技术研发环境具有直接且重大的政策影响。
[2026-05-26 12:41:38] [INFO] -> 实时进度提示: 已完成评估 153/174
[2026-05-26 12:41:50] [INFO] 【剔除噪声】 ID: 2019-11550 | 标题: Artificial Intelligence Standa... | 原因: 该文件仅为NIST关于人工智能标准征求意见稿的延期公告，属于行政流程中的日常通知，不涉及具体的AI技术标准制定内容或实质性的政策引导，因此判定为噪音。
[2026-05-26 12:41:50] [INFO] -> 实时进度提示: 已完成评估 154/174
[2026-05-26 12:42:01] [INFO] 【保留核心】 ID: 2019-08818 | 标题: Artificial Intelligence Standa... | 原因: 该文件是美国国家标准与技术研究院（NIST）根据总统行政令，为制定人工智能技术标准和相关工具而发布的征求意见稿（RFI）。这属于国家核心政策层面的AI治理与技术标准制定工作，直接影响AI技术的可靠性、鲁棒性和可信度，具有极高的政策相关性。
[2026-05-26 12:42:01] [INFO] -> 实时进度提示: 已完成评估 155/174
[2026-05-26 12:42:13] [INFO] 【保留核心】 ID: 2019-02544 | 标题: Maintaining American Leadershi... | 原因: 该文件为美国总统签署的行政命令（Executive Order 13859），旨在确立美国在人工智能领域的国家战略地位。文件明确提出了‘美国人工智能倡议’（American AI Initiative），涵盖了研发投入、技术标准制定、人才培养、公众信任及国家安全保护等核心议题，属于国家核心政策，对AI技术发展和治理具有顶层设计意义。
[2026-05-26 12:42:13] [INFO] -> 实时进度提示: 已完成评估 156/174
[2026-05-26 12:42:23] [INFO] 【保留核心】 ID: 2018-20914 | 标题: Request for Information on Upd... | 原因: 该文件是美国国家科学技术委员会（NSTC）人工智能特别委员会针对《国家人工智能研发战略规划》发起的公开征求意见（RFI）。该规划直接指导国家层面的AI研发方向、资源配置及战略重点，属于国家核心政策制定过程中的关键环节，对AI技术发展具有顶层设计意义。
[2026-05-26 12:42:23] [INFO] -> 实时进度提示: 已完成评估 157/174
[2026-05-26 12:42:33] [INFO] 【剔除噪声】 ID: 2025-03206 | 标题: Notice Pursuant to the Nationa... | 原因: 该文件是美国司法部根据《国家合作研究与生产法》发布的关于AI Infrastructure Alliance成员变更的例行公示。这属于行政程序中的合规性备案通知，旨在提供反垄断法下的责任限制，而非针对AI技术研发、监管或产业发展的实质性政策引导，因此判定为边缘相关且属于噪音。
[2026-05-26 12:42:33] [INFO] -> 实时进度提示: 已完成评估 158/174
[2026-05-26 12:42:44] [INFO] 【保留核心】 ID: 2024-29364 | 标题: Notice of Request for Informat... | 原因: This document pertains to the U.S. Department of Energy's 'Frontiers in AI for Science, Security, and Technology (FASST)' initiative. This is a high-level national strategic initiative aimed at building integrated AI systems for scientific discovery, energy deployment, and national security, directly aligning with the criteria for national core AI policy.
[2026-05-26 12:42:44] [INFO] -> 实时进度提示: 已完成评估 159/174
[2026-05-26 12:42:55] [INFO] 【保留核心】 ID: 2024-08168 | 标题: AI and Open Government Data As... | 原因: 该文件是美国商务部发布的关于‘AI就绪’开放数据资产的征求意见稿（RFI）。该政策旨在制定AI数据标准，直接影响AI模型训练的数据质量与合规性，属于针对AI技术应用与基础设施建设的核心行业监管与战略引导，具有实质性的政策推动作用。
[2026-05-26 12:42:55] [INFO] -> 实时进度提示: 已完成评估 160/174
[2026-05-26 12:43:15] [INFO] 【剔除噪声】 ID: 2024-03329 | 标题: Notice of the Federal Chief In... | 原因: This document is a meeting notice for a symposium hosted by the Federal CIO Council. While it mentions AI as a topic for discussion, it is an administrative announcement for an event rather than a policy, regulation, or strategic directive that governs or substantively impacts AI development or deployment.
[2026-05-26 12:43:15] [INFO] -> 实时进度提示: 已完成评估 161/174
[2026-05-26 12:43:26] [INFO] 【剔除噪声】 ID: 2023-27609 | 标题: Notice Pursuant to the Nationa... | 原因: 该文件属于司法部反垄断部门发布的关于‘AI基础设施联盟’成员变更的行政备案公告。其本质是基于《国家合作研究与生产法》的合规性公示，属于日常行政备案流程，而非针对AI技术研发、监管或产业发展的实质性政策引导。
[2026-05-26 12:43:26] [INFO] -> 实时进度提示: 已完成评估 162/174
[2026-05-26 12:43:36] [INFO] 【剔除噪声】 ID: 2023-20766 | 标题: Notice Pursuant to the Nationa... | 原因: 该文件属于司法部反垄断部门发布的关于特定行业联盟（AI Infrastructure Alliance）成员变更的行政备案公告。虽然涉及AI基础设施联盟，但其本质是根据《国家合作研究与生产法》进行的常规法律合规性公示，不涉及AI技术监管、产业战略或实质性的政策引导，属于行政程序性个案。
[2026-05-26 12:43:36] [INFO] -> 实时进度提示: 已完成评估 163/174
[2026-05-26 12:43:47] [INFO] 【剔除噪声】 ID: 2023-17345 | 标题: Notice Pursuant to the Nationa... | 原因: 该文件属于司法部反垄断部门发布的关于行业联盟成员变更的例行行政公告，旨在根据《国家合作研究与生产法》进行合规备案以获得反垄断豁免。虽然涉及AI基础设施联盟（AIIA），但其本质是法律程序性的备案通知，而非针对AI技术研发、监管或产业发展的实质性政策引导。
[2026-05-26 12:43:47] [INFO] -> 实时进度提示: 已完成评估 164/174
[2026-05-26 12:43:58] [INFO] 【剔除噪声】 ID: 2023-01375 | 标题: Notice Pursuant to the Nationa... | 原因: 该文件属于司法部关于反垄断法合规的例行行政公告，仅披露了AI Infrastructure Alliance (AIIA) 成员变更的法律备案信息。虽然涉及AI基础设施联盟，但该文件本身属于程序性法律通知，不具备实质性的AI政策引导、监管规范或产业扶持功能，属于边缘相关个案。
[2026-05-26 12:43:58] [INFO] -> 实时进度提示: 已完成评估 165/174
[2026-05-26 12:44:09] [INFO] 【剔除噪声】 ID: 2022-19949 | 标题: Notice Pursuant to the Nationa... | 原因: 该文件属于美国司法部反垄断部门发布的关于行业协会成员变更的行政公告，仅涉及法律合规性备案，不属于针对AI技术研发、监管或产业发展的实质性政策引导，属于日常行政个案。
[2026-05-26 12:44:09] [INFO] -> 实时进度提示: 已完成评估 166/174
[2026-05-26 12:44:19] [INFO] 【剔除噪声】 ID: 2022-16403 | 标题: Notice Pursuant to The Nationa... | 原因: 该文件属于司法部反垄断部门发布的关于行业联盟成员变更的行政公示，仅涉及企业加入研究联盟的合规性备案，不属于针对AI技术的监管政策、战略规划或实质性基建支持，属于日常行政个案通知。
[2026-05-26 12:44:19] [INFO] -> 实时进度提示: 已完成评估 167/174
[2026-05-26 12:44:29] [INFO] 【剔除噪声】 ID: 2022-10216 | 标题: Notice Pursuant to the Nationa... | 原因: 该文件属于司法部反垄断部门发布的关于行业联盟成员变更的行政公告，旨在履行《国家合作研究与生产法》下的合规披露义务。虽然涉及AI基础设施联盟（AIIA）的成员变动，但其本质是法律程序性的备案通知，而非针对AI技术研发、监管或产业发展的实质性政策引导。
[2026-05-26 12:44:29] [INFO] -> 实时进度提示: 已完成评估 168/174
[2026-05-26 12:44:39] [INFO] 【剔除噪声】 ID: 2020-17584 | 标题: IHS/THP Reimbursement Agreemen... | 原因: The term 'AI' in this document is an abbreviation for 'American Indian', not 'Artificial Intelligence'. The document pertains to healthcare coordination for veterans and has no relation to AI technology.
[2026-05-26 12:44:39] [INFO] -> 实时进度提示: 已完成评估 169/174
[2026-05-26 12:45:04] [INFO] 【剔除噪声】 ID: 2017-22811 | 标题: Analyses, Research and Studies... | 原因: 文中出现的 'AI' 是 'American Indian' (美国印第安人) 的缩写，与人工智能 (Artificial Intelligence) 技术完全无关，属于误匹配。
[2026-05-26 12:45:04] [INFO] -> 实时进度提示: 已完成评估 170/174
[2026-05-26 12:45:14] [INFO] 【剔除噪声】 ID: 2025-02023 | 标题: Public Meeting; Center of Inde... | 原因: 该文件仅为一场关于特定科学研究方法（利用机器学习分析鱼类耳石）的专家评审会议通知。虽然涉及机器学习技术，但属于特定科研项目的日常学术交流与评审，不具备行业监管、政策引导或技术治理的实质性影响，因此判定为噪音。
[2026-05-26 12:45:14] [INFO] -> 实时进度提示: 已完成评估 171/174
[2026-05-26 12:45:25] [INFO] 【剔除噪声】 ID: 2024-26464 | 标题: Government Owned Inventions Av... | 原因: 该文件属于政府科研成果的商业化许可通知，虽然提及了机器学习算法在癌症新抗原识别中的应用，但其本质是针对特定科研专利的转让与合作公告，而非针对AI技术的行业监管、战略规划或通用性政策，属于边缘相关个案。
[2026-05-26 12:45:25] [INFO] -> 实时进度提示: 已完成评估 172/174
[2026-05-26 12:45:48] [INFO] 【剔除噪声】 ID: 2018-21720 | 标题: Notice of Workshop on the Conv... | 原因: 该文件仅为一场关于高性能计算、大数据与机器学习融合的学术研讨会的通知，属于政府部门举办的日常技术交流活动，不具备实质性的政策引导、监管约束或产业扶持效力，因此判定为噪音。
[2026-05-26 12:45:48] [INFO] -> 实时进度提示: 已完成评估 173/174
[2026-05-26 12:45:59] [INFO] 【剔除噪声】 ID: 2018-00120 | 标题: Interagency Coordinating Commi... | 原因: 该文件仅是一则关于举办机器学习在毒理学应用研讨会的公开通知，属于政府部门的日常学术交流活动，不具备政策引导、监管规范或产业扶持的实质性效力，因此判定为噪音。
[2026-05-26 12:45:59] [INFO] -> 实时进度提示: 已完成评估 174/174
[2026-05-26 12:45:59] [INFO] ==================================================
[2026-05-26 12:45:59] [INFO] === 数据清洗任务圆满完成 ===
[2026-05-26 12:45:59] [INFO] 成功处理总数: 172 条
[2026-05-26 12:45:59] [INFO] 保留核心政策数 (Core): 89 条 -> 已写入 core_ai_policies.jsonl
[2026-05-26 12:45:59] [INFO] 剔除噪音文件数 (Noise): 83 条 -> 已写入 noise_policies.jsonl
